26.01.20 19:05:08 [] [] [] [configs] []
26.01.20 19:06:37 [] [] [] [configs] []
26.01.20 19:06:37 [] [] [] [locs] []
26.01.20 19:06:38 [] [] [] [anims] []
26.01.20 19:06:38 [] [] [] [images] []
26.01.20 19:06:38 [] [] [] [sounds] []
26.01.20 19:06:51 [] [] [] [configs] []
26.01.20 19:06:51 [] [] [] [locs] []
26.01.20 19:06:51 [] [] [] [anims] []
26.01.20 19:06:51 [] [] [] [images] []
26.01.20 19:06:51 [] [] [] [sounds] []
26.01.20 19:07:34 [] [] [] [configs] []
26.01.20 19:07:34 [] [] [] [locs] []
26.01.20 19:07:34 [] [] [] [anims] []
26.01.20 19:07:34 [] [] [] [images] []
26.01.20 19:07:34 [] [] [] [sounds] []
26.01.20 19:14:11 [] [] [] [configs] []
26.01.20 19:14:11 [] [] [] [locs] []
26.01.20 19:14:11 [] [] [] [anims] []
26.01.20 19:14:11 [] [] [] [images] []
26.01.20 19:14:11 [] [] [] [sounds] []
26.01.20 19:15:26 [] [] [] [configs] []
26.01.20 19:15:26 [] [] [] [locs] []
26.01.20 19:15:27 [] [] [] [anims] []
26.01.20 19:15:27 [] [] [] [images] []
26.01.20 19:15:27 [] [] [] [sounds] []
26.01.20 19:15:35 [] [] [] [configs] []
26.01.20 19:15:35 [] [] [] [locs] []
26.01.20 19:15:35 [] [] [] [anims] []
26.01.20 19:15:35 [] [] [] [images] []
26.01.20 19:15:36 [] [] [] [sounds] []
26.01.27 17:16:19 [] [] [] [configs] []
26.01.27 17:16:19 [] [] [] [locs] []
26.01.27 17:16:19 [] [] [] [anims] []
26.01.27 17:16:19 [] [] [] [images] []
26.01.27 17:16:19 [] [] [] [sounds] []
26.01.27 17:16:38 [] [] [] [configs] []
26.01.27 17:24:59 [] [] [] [locs] []
26.01.27 17:24:59 [] [] [] [anims] []
26.01.27 17:24:59 [] [] [] [images] []
26.01.27 17:25:00 [] [] [] [sounds] []
26.01.27 17:26:10 [] [] [] [locs] []
26.01.27 17:26:10 [] [] [] [anims] []
26.01.27 17:26:10 [] [] [] [images] []
26.01.27 17:26:10 [] [] [] [sounds] []
26.01.27 17:26:56 [] [] [] [configs] []
26.01.27 17:26:56 [] [] [] [locs] []
26.01.27 17:26:56 [] [] [] [anims] []
26.01.27 17:26:57 [] [] [] [images] []
26.01.27 17:26:57 [] [] [] [sounds] []
26.01.27 17:27:10 [] [] [] [locs] []
26.01.27 17:27:10 [] [] [] [anims] []
26.01.27 17:27:10 [] [] [] [images] []
26.01.27 17:27:10 [] [] [] [sounds] []
26.01.27 17:29:18 [] [] [] [locs] []
26.01.27 17:29:19 [] [] [] [anims] []
26.01.27 17:29:19 [] [] [] [images] []
26.01.27 17:29:19 [] [] [] [sounds] []
26.01.27 17:29:47 [] [] [] [configs] []
26.01.27 17:29:47 [] [] [] [locs] []
26.01.27 17:29:47 [] [] [] [anims] []
26.01.27 17:29:47 [] [] [] [images] []
26.01.27 17:29:48 [] [] [] [sounds] []
26.01.27 17:29:52 [] [] [] [locs] []
26.01.27 17:29:52 [] [] [] [anims] []
26.01.27 17:29:53 [] [] [] [images] []
26.01.27 17:29:53 [] [] [] [sounds] []
26.01.27 17:30:19 [] [] [] [locs] []
26.01.27 17:30:19 [] [] [] [anims] []
26.01.27 17:30:19 [] [] [] [images] []
26.01.27 17:30:19 [] [] [] [sounds] []
26.01.27 17:31:53 [] [] [] [locs] []
26.01.27 17:31:53 [] [] [] [anims] []
26.01.27 17:31:54 [] [] [] [images] []
26.01.27 17:31:54 [] [] [] [sounds] []
26.01.27 17:32:07 [] [] [] [locs] []
26.01.27 17:32:07 [] [] [] [anims] []
26.01.27 17:32:07 [] [] [] [images] []
26.01.27 17:32:07 [] [] [] [sounds] []
26.01.27 17:33:11 [] [] [] [locs] []
26.01.27 17:33:11 [] [] [] [anims] []
26.01.27 17:33:12 [] [] [] [images] []
26.01.27 17:33:12 [] [] [] [sounds] []
26.01.27 17:33:55 [] [] [] [locs] []
26.01.27 17:33:55 [] [] [] [anims] []
26.01.27 17:33:55 [] [] [] [images] []
26.01.27 17:33:56 [] [] [] [sounds] []
26.01.27 17:47:38 [] [] [] [configs] []
26.01.27 17:47:44 [] [] [] [locs] []
26.01.27 17:47:44 [] [] [] [anims] []
26.01.27 17:47:44 [] [] [] [images] []
26.01.27 17:47:44 [] [] [] [sounds] []
26.01.27 17:48:16 [] [] [] [locs] []
26.01.27 17:48:16 [] [] [] [anims] []
26.01.27 17:48:16 [] [] [] [images] []
26.01.27 17:48:16 [] [] [] [sounds] []
26.01.27 17:48:17 [] [] [] [locs] []
26.01.27 17:48:17 [] [] [] [anims] []
26.01.27 17:48:18 [] [] [] [images] []
26.01.27 17:48:18 [] [] [] [sounds] []
26.01.27 17:49:00 [] [] [] [locs] []
26.01.27 17:49:00 [] [] [] [anims] []
26.01.27 17:49:00 [] [] [] [images] []
26.01.27 17:49:00 [] [] [] [sounds] []
26.01.27 17:49:06 [] [] [] [locs] []
26.01.27 17:49:06 [] [] [] [anims] []
26.01.27 17:49:06 [] [] [] [images] []
26.01.27 17:49:06 [] [] [] [sounds] []
26.01.27 17:49:14 [] [] [] [configs] []
26.01.27 17:50:18 [] [] [] [locs] []
26.01.27 17:50:18 [] [] [] [anims] []
26.01.27 17:50:18 [] [] [] [images] []
26.01.27 17:50:18 [] [] [] [sounds] []
26.01.27 17:51:02 [] [] [] [locs] []
26.01.27 17:51:02 [] [] [] [anims] []
26.01.27 17:51:02 [] [] [] [images] []
26.01.27 17:51:02 [] [] [] [sounds] []
26.01.27 17:52:00 [] [] [] [locs] []
26.01.27 17:52:00 [] [] [] [anims] []
26.01.27 17:52:00 [] [] [] [images] []
26.01.27 17:52:01 [] [] [] [sounds] []
26.01.27 17:52:07 [] [] [] [configs] []
26.01.27 17:52:24 [] [] [] [locs] []
26.01.27 17:52:24 [] [] [] [anims] []
26.01.27 17:52:25 [] [] [] [images] []
26.01.27 17:52:25 [] [] [] [sounds] []
26.01.27 17:52:29 [] [] [] [locs] []
26.01.27 17:52:29 [] [] [] [anims] []
26.01.27 17:52:29 [] [] [] [images] []
26.01.27 17:52:29 [] [] [] [sounds] []
26.01.27 17:52:38 [] [] [] [configs] []
26.01.27 17:52:56 [] [] [] [configs] []
26.01.27 17:53:23 [] [] [] [configs] []
26.01.27 17:53:44 [] [] [] [configs] []
26.01.27 17:54:02 [] [] [] [configs] []
26.01.27 17:56:07 [] [] [] [configs] []
26.01.27 17:56:11 [] [] [] [configs] []
26.01.27 17:57:16 [] [] [] [configs] []
26.01.27 17:59:50 [] [] [] [configs] []
26.01.27 18:00:22 [] [] [] [configs] []
26.01.27 18:01:56 [] [] [] [configs] []
26.01.27 18:02:37 [] [] [] [configs] []
26.01.27 18:03:47 [] [] [] [configs] []
26.01.27 18:05:05 [] [] [] [configs] []
26.01.27 18:05:18 [] [] [] [configs] []
26.01.27 18:05:52 [] [] [] [configs] []
26.01.27 18:06:35 [] [] [] [configs] []
26.01.27 18:09:12 [] [] [] [configs] []
26.01.27 18:09:39 [] [] [] [configs] []
26.01.27 18:10:39 [] [] [] [configs] []
26.01.27 18:12:28 [] [] [] [configs] []
26.01.27 18:15:56 [] [] [] [configs] []
26.01.27 18:15:58 [] [] [] [configs] []
26.01.27 18:18:37 [] [] [] [configs] []
26.01.27 18:21:01 [] [] [] [configs] []
26.01.27 18:22:45 [] [] [] [configs] []
26.01.27 18:24:19 [] [] [] [configs] []
26.01.27 18:26:59 [] [] [] [configs] []
26.01.27 18:37:54 [] [] [] [configs] []
26.01.27 18:40:46 [] [] [] [configs] []
26.01.27 18:44:47 [] [] [] [configs] []
26.01.27 18:46:47 [] [] [] [configs] []
26.01.27 18:50:32 [] [] [] [configs] []
26.01.27 18:50:48 [] [] [] [configs] []
26.01.27 19:02:18 [] [] [] [configs] []
26.01.27 19:03:51 [] [] [] [configs] []
26.01.27 19:09:15 [] [] [] [configs] []
26.01.27 19:10:50 [] [] [] [configs] []
26.01.27 19:23:34 [] [] [] [configs] []
26.01.27 19:40:20 [] [] [] [configs] []
26.01.27 19:40:48 [] [] [] [configs] []
26.01.27 19:40:49 [] [] [] [locs] []
26.01.27 19:40:49 [] [] [] [anims] []
26.01.27 19:40:49 [] [] [] [images] []
26.01.27 19:40:49 [] [] [] [sounds] []
26.01.27 19:43:57 [] [] [] [configs] []
26.01.27 19:43:57 [] [] [] [locs] []
26.01.27 19:43:57 [] [] [] [anims] []
26.01.27 19:43:58 [] [] [] [images] []
26.01.27 19:43:58 [] [] [] [sounds] []
26.01.27 19:44:30 [] [] [] [configs] []
26.01.27 19:49:29 [] [] [] [configs] []
26.01.27 19:52:48 [] [] [] [configs] []
26.01.27 19:55:30 [] [] [] [configs] []
26.01.27 19:56:36 [] [] [] [configs] []
26.01.27 19:59:54 [] [] [] [configs] []
26.01.27 20:01:03 [] [] [] [configs] []
26.01.27 20:02:20 [] [] [] [configs] []
26.01.27 20:02:20 [] [] [] [locs] []
26.01.27 20:02:20 [] [] [] [anims] []
26.01.27 20:02:21 [] [] [] [images] []
26.01.27 20:02:21 [] [] [] [sounds] []
26.01.27 20:08:09 [] [] [] [configs] []
26.01.27 20:10:28 [] [] [] [configs] []
26.01.27 20:12:03 [] [] [] [configs] []
26.01.27 20:17:11 [] [] [] [configs] []
26.01.27 20:19:11 [] [] [] [configs] []
26.01.27 20:21:22 [] [] [] [configs] []
26.01.27 20:24:13 [] [] [] [configs] []
26.01.27 20:26:46 [] [] [] [configs] []
26.01.27 20:28:40 [] [] [] [configs] []
26.01.27 20:31:31 [] [] [] [configs] []
26.01.27 20:37:08 [] [] [] [configs] []
26.01.27 20:40:39 [] [] [] [configs] []
26.01.27 20:40:52 [] [] [] [configs] []
26.01.27 20:45:32 [] [] [] [configs] []
26.01.27 20:47:30 [] [] [] [configs] []
26.01.27 20:48:53 [] [] [] [configs] []
26.01.27 20:50:39 [] [] [] [configs] []
26.01.27 20:52:46 [] [] [] [configs] []
26.01.27 20:54:55 [] [] [] [configs] []
26.01.27 20:57:01 [] [] [] [configs] []
26.01.27 20:58:49 [] [] [] [configs] []
26.01.27 20:59:19 [] [] [] [configs] []
26.01.27 21:00:38 [] [] [] [configs] []
26.01.27 21:01:44 [] [] [] [configs] []
26.01.27 21:03:17 [] [] [] [configs] []
26.01.27 21:09:18 [] [] [] [configs] []
26.01.27 21:11:35 [] [] [] [configs] []
26.01.27 21:16:01 [] [] [] [configs] []
26.01.27 21:17:52 [] [] [] [configs] []
26.01.27 21:18:18 [] [] [] [configs] []
26.01.27 21:19:29 [] [] [] [configs] []
26.01.27 21:23:54 [] [] [] [configs] []
26.01.27 21:26:08 [] [] [] [configs] []
26.01.27 21:26:39 [] [] [] [configs] []
26.01.27 21:28:05 [] [] [] [configs] []
26.01.27 21:29:35 [] [] [] [configs] []
26.01.27 21:31:50 [] [] [] [configs] []
26.01.27 21:33:59 [] [] [] [configs] []
26.01.27 21:34:14 [] [] [] [configs] []
26.01.27 21:34:14 [] [] [] [locs] []
26.01.27 21:34:14 [] [] [] [anims] []
26.01.27 21:34:15 [] [] [] [images] []
26.01.27 21:34:15 [] [] [] [sounds] []
26.01.27 21:38:29 [] [] [] [configs] []
26.01.27 21:39:58 [] [] [] [configs] []
26.01.27 21:39:58 [] [] [] [locs] []
26.01.27 21:39:58 [] [] [] [anims] []
26.01.27 21:39:59 [] [] [] [images] []
26.01.27 21:39:59 [] [] [] [sounds] []
26.01.27 21:41:20 [] [] [] [configs] []
26.01.27 21:42:33 [] [] [] [configs] []
26.01.27 21:42:52 [] [] [] [configs] []
26.01.27 21:42:52 [] [] [] [locs] []
26.01.27 21:42:52 [] [] [] [anims] []
26.01.27 21:42:52 [] [] [] [images] []
26.01.27 21:42:53 [] [] [] [sounds] []
26.01.27 21:45:57 [] [] [] [configs] []
26.01.27 21:46:00 [] [] [] [configs] []
26.01.27 21:46:00 [] [] [] [locs] []
26.01.27 21:46:01 [] [] [] [anims] []
26.01.27 21:46:01 [] [] [] [images] []
26.01.27 21:46:01 [] [] [] [sounds] []
26.01.27 21:47:56 [] [] [] [configs] []
26.01.27 21:48:39 [] [] [] [configs] []
26.01.27 21:48:40 [] [] [] [locs] []
26.01.27 21:48:40 [] [] [] [anims] []
26.01.27 21:48:40 [] [] [] [images] []
26.01.27 21:48:40 [] [] [] [sounds] []
26.01.27 21:51:27 [] [] [] [configs] []
26.01.27 21:51:42 [] [] [] [configs] []
26.01.27 21:51:43 [] [] [] [locs] []
26.01.27 21:51:43 [] [] [] [anims] []
26.01.27 21:51:43 [] [] [] [images] []
26.01.27 21:51:43 [] [] [] [sounds] []
