26.01.27 18:40:50 sendEvent [8.16] [resp] [admin] [hideClock] [] [exception: stream_socket_client failed, errstr: Unable to find the socket transport "unix" - did you forget to enable it when you configured PHP?]
26.01.27 18:40:50 sendStatusDoc [warn] [sendEvent [8.16] [resp] [admin] [hideClock] [] [exception: stream_socket_client failed, errstr: Unable to find the socket transport "unix" - did you forget to enable it when you configured PHP?]]
26.01.27 18:44:51 sendEvent [8.16] [resp] [admin] [hideClock] [] [exception: stream_socket_client failed, errstr: Unable to find the socket transport "unix" - did you forget to enable it when you configured PHP?]
26.01.27 18:44:51 sendStatusDoc [warn] [sendEvent [8.16] [resp] [admin] [hideClock] [] [exception: stream_socket_client failed, errstr: Unable to find the socket transport "unix" - did you forget to enable it when you configured PHP?]]
26.01.27 18:45:19 sendEvent [8.16] [resp] [admin] [endTrials] [] [exception: stream_socket_client failed, errstr: Unable to find the socket transport "unix" - did you forget to enable it when you configured PHP?]
26.01.27 18:45:19 sendStatusDoc [warn] [sendEvent [8.16] [resp] [admin] [endTrials] [] [exception: stream_socket_client failed, errstr: Unable to find the socket transport "unix" - did you forget to enable it when you configured PHP?]]
26.01.27 18:45:21 sendEvent [8.16] [resp] [admin] [endTrials] [] [exception: stream_socket_client failed, errstr: Unable to find the socket transport "unix" - did you forget to enable it when you configured PHP?]
26.01.27 18:45:21 sendStatusDoc [warn] [sendEvent [8.16] [resp] [admin] [endTrials] [] [exception: stream_socket_client failed, errstr: Unable to find the socket transport "unix" - did you forget to enable it when you configured PHP?]]
26.01.27 18:45:22 sendEvent [8.16] [resp] [admin] [endTrials] [] [exception: stream_socket_client failed, errstr: Unable to find the socket transport "unix" - did you forget to enable it when you configured PHP?]
26.01.27 18:45:22 sendStatusDoc [warn] [sendEvent [8.16] [resp] [admin] [endTrials] [] [exception: stream_socket_client failed, errstr: Unable to find the socket transport "unix" - did you forget to enable it when you configured PHP?]]
26.01.27 18:45:23 sendEvent [8.16] [resp] [admin] [cancelTrial] [] [exception: stream_socket_client failed, errstr: Unable to find the socket transport "unix" - did you forget to enable it when you configured PHP?]
26.01.27 18:45:23 sendStatusDoc [warn] [sendEvent [8.16] [resp] [admin] [cancelTrial] [] [exception: stream_socket_client failed, errstr: Unable to find the socket transport "unix" - did you forget to enable it when you configured PHP?]]
26.01.27 18:45:24 sendEvent [8.16] [resp] [admin] [startMultiTrials] [24m1,prt,trial,0,1,1,1,3] [exception: stream_socket_client failed, errstr: Unable to find the socket transport "unix" - did you forget to enable it when you configured PHP?]
26.01.27 18:45:24 sendStatusDoc [warn] [sendEvent [8.16] [resp] [admin] [startMultiTrials] [24m1,prt,trial,0,1,1,1,3] [exception: stream_socket_client failed, errstr: Unable to find the socket transport "unix" - did you forget to enable it when you configured PHP?]]
26.01.27 18:45:25 sendEvent [8.16] [resp] [admin] [cancelTrial] [] [exception: stream_socket_client failed, errstr: Unable to find the socket transport "unix" - did you forget to enable it when you configured PHP?]
26.01.27 18:45:25 sendStatusDoc [warn] [sendEvent [8.16] [resp] [admin] [cancelTrial] [] [exception: stream_socket_client failed, errstr: Unable to find the socket transport "unix" - did you forget to enable it when you configured PHP?]]
26.01.27 18:45:26 sendEvent [8.16] [resp] [admin] [cancelTrial] [] [exception: stream_socket_client failed, errstr: Unable to find the socket transport "unix" - did you forget to enable it when you configured PHP?]
26.01.27 18:45:26 sendStatusDoc [warn] [sendEvent [8.16] [resp] [admin] [cancelTrial] [] [exception: stream_socket_client failed, errstr: Unable to find the socket transport "unix" - did you forget to enable it when you configured PHP?]]
26.01.27 18:46:38 sendEvent [8.16] [resp] [admin] [endTrials] [] [exception: stream_socket_client failed, errstr: Unable to find the socket transport "unix" - did you forget to enable it when you configured PHP?]
26.01.27 18:46:38 sendStatusDoc [warn] [sendEvent [8.16] [resp] [admin] [endTrials] [] [exception: stream_socket_client failed, errstr: Unable to find the socket transport "unix" - did you forget to enable it when you configured PHP?]]
26.01.27 18:46:43 sendEvent [8.16] [resp] [admin] [endTrials] [] [exception: stream_socket_client failed, errstr: Unable to find the socket transport "unix" - did you forget to enable it when you configured PHP?]
26.01.27 18:46:43 sendStatusDoc [warn] [sendEvent [8.16] [resp] [admin] [endTrials] [] [exception: stream_socket_client failed, errstr: Unable to find the socket transport "unix" - did you forget to enable it when you configured PHP?]]
26.01.27 18:46:44 sendEvent [8.16] [resp] [admin] [cancelTrial] [] [exception: stream_socket_client failed, errstr: Unable to find the socket transport "unix" - did you forget to enable it when you configured PHP?]
26.01.27 18:46:44 sendStatusDoc [warn] [sendEvent [8.16] [resp] [admin] [cancelTrial] [] [exception: stream_socket_client failed, errstr: Unable to find the socket transport "unix" - did you forget to enable it when you configured PHP?]]
26.01.27 18:46:44 sendEvent [8.16] [resp] [admin] [cancelTrial] [] [exception: stream_socket_client failed, errstr: Unable to find the socket transport "unix" - did you forget to enable it when you configured PHP?]
26.01.27 18:46:44 sendStatusDoc [warn] [sendEvent [8.16] [resp] [admin] [cancelTrial] [] [exception: stream_socket_client failed, errstr: Unable to find the socket transport "unix" - did you forget to enable it when you configured PHP?]]
26.01.27 18:46:50 sendEvent [8.16] [resp] [admin] [hideClock] [] [exception: stream_socket_client failed, errstr: Unable to find the socket transport "unix" - did you forget to enable it when you configured PHP?]
26.01.27 18:46:50 sendStatusDoc [warn] [sendEvent [8.16] [resp] [admin] [hideClock] [] [exception: stream_socket_client failed, errstr: Unable to find the socket transport "unix" - did you forget to enable it when you configured PHP?]]
26.01.27 18:47:01 sendEvent [8.16] [resp] [admin] [setReadyMessage] [msg_adtIntro1,msg_adtIntro2,dot,msg_adtReady,,adt] [exception: stream_socket_client failed, errstr: Unable to find the socket transport "unix" - did you forget to enable it when you configured PHP?]
26.01.27 18:47:01 sendStatusDoc [warn] [sendEvent [8.16] [resp] [admin] [setReadyMessage] [msg_adtIntro1,msg_adtIntro2,dot,msg_adtReady,,adt] [exception: stream_socket_client failed, errstr: Unable to find the socket transport "unix" - did you forget to enable it when you configured PHP?]]
26.01.27 18:47:03 sendEvent [8.16] [resp] [admin] [startMultiTrials] [adt,ppt,trial,0,1,1,1,4] [exception: stream_socket_client failed, errstr: Unable to find the socket transport "unix" - did you forget to enable it when you configured PHP?]
26.01.27 18:47:03 sendStatusDoc [warn] [sendEvent [8.16] [resp] [admin] [startMultiTrials] [adt,ppt,trial,0,1,1,1,4] [exception: stream_socket_client failed, errstr: Unable to find the socket transport "unix" - did you forget to enable it when you configured PHP?]]
26.01.27 18:47:04 sendEvent [8.16] [resp] [admin] [cancelTrial] [] [exception: stream_socket_client failed, errstr: Unable to find the socket transport "unix" - did you forget to enable it when you configured PHP?]
26.01.27 18:47:04 sendStatusDoc [warn] [sendEvent [8.16] [resp] [admin] [cancelTrial] [] [exception: stream_socket_client failed, errstr: Unable to find the socket transport "unix" - did you forget to enable it when you configured PHP?]]
26.01.27 18:47:06 sendEvent [8.16] [resp] [admin] [cancelTrial] [] [exception: stream_socket_client failed, errstr: Unable to find the socket transport "unix" - did you forget to enable it when you configured PHP?]
26.01.27 18:47:06 sendStatusDoc [warn] [sendEvent [8.16] [resp] [admin] [cancelTrial] [] [exception: stream_socket_client failed, errstr: Unable to find the socket transport "unix" - did you forget to enable it when you configured PHP?]]
26.01.27 19:02:22 sendEvent [8.16] [resp] [admin] [hideClock] [] [exception: stream_socket_client failed, errstr: Unable to find the socket transport "unix" - did you forget to enable it when you configured PHP?]
26.01.27 19:02:22 sendStatusDoc [warn] [sendEvent [8.16] [resp] [admin] [hideClock] [] [exception: stream_socket_client failed, errstr: Unable to find the socket transport "unix" - did you forget to enable it when you configured PHP?]]
26.01.27 19:03:55 sendEvent [8.16] [resp] [admin] [hideClock] [] [exception: stream_socket_client failed, errstr: Unable to find the socket transport "unix" - did you forget to enable it when you configured PHP?]
26.01.27 19:03:55 sendStatusDoc [warn] [sendEvent [8.16] [resp] [admin] [hideClock] [] [exception: stream_socket_client failed, errstr: Unable to find the socket transport "unix" - did you forget to enable it when you configured PHP?]]
26.01.27 19:09:19 sendEvent [8.16] [resp] [admin] [hideClock] [] [exception: stream_socket_client failed, errstr: Unable to find the socket transport "unix" - did you forget to enable it when you configured PHP?]
26.01.27 19:09:19 sendStatusDoc [warn] [sendEvent [8.16] [resp] [admin] [hideClock] [] [exception: stream_socket_client failed, errstr: Unable to find the socket transport "unix" - did you forget to enable it when you configured PHP?]]
26.01.27 19:10:54 sendEvent [8.16] [resp] [admin] [hideClock] [] [exception: stream_socket_client failed, errstr: Unable to find the socket transport "unix" - did you forget to enable it when you configured PHP?]
26.01.27 19:10:54 sendStatusDoc [warn] [sendEvent [8.16] [resp] [admin] [hideClock] [] [exception: stream_socket_client failed, errstr: Unable to find the socket transport "unix" - did you forget to enable it when you configured PHP?]]
26.01.27 19:23:38 sendEvent [8.16] [resp] [admin] [hideClock] [] [exception: stream_socket_client failed, errstr: Unable to find the socket transport "unix" - did you forget to enable it when you configured PHP?]
26.01.27 19:23:38 sendStatusDoc [warn] [sendEvent [8.16] [resp] [admin] [hideClock] [] [exception: stream_socket_client failed, errstr: Unable to find the socket transport "unix" - did you forget to enable it when you configured PHP?]]
26.01.27 19:40:24 sendEvent [8.16] [resp] [admin] [hideClock] [] [exception: stream_socket_client failed, errstr: Unable to find the socket transport "unix" - did you forget to enable it when you configured PHP?]
26.01.27 19:40:24 sendStatusDoc [warn] [sendEvent [8.16] [resp] [admin] [hideClock] [] [exception: stream_socket_client failed, errstr: Unable to find the socket transport "unix" - did you forget to enable it when you configured PHP?]]
26.01.27 19:40:58 sendEvent [8.16] [resp] [admin] [setReadyMessage] [msg_adtIntro1,msg_adtIntro2,dot,msg_adtReady,,adt] [exception: stream_socket_client failed, errstr: Unable to find the socket transport "unix" - did you forget to enable it when you configured PHP?]
26.01.27 19:40:58 sendStatusDoc [warn] [sendEvent [8.16] [resp] [admin] [setReadyMessage] [msg_adtIntro1,msg_adtIntro2,dot,msg_adtReady,,adt] [exception: stream_socket_client failed, errstr: Unable to find the socket transport "unix" - did you forget to enable it when you configured PHP?]]
26.01.27 19:40:59 sendEvent [8.16] [resp] [admin] [endTrials] [] [exception: stream_socket_client failed, errstr: Unable to find the socket transport "unix" - did you forget to enable it when you configured PHP?]
26.01.27 19:40:59 sendStatusDoc [warn] [sendEvent [8.16] [resp] [admin] [endTrials] [] [exception: stream_socket_client failed, errstr: Unable to find the socket transport "unix" - did you forget to enable it when you configured PHP?]]
26.01.27 19:41:00 sendEvent [8.16] [resp] [admin] [cancelTrial] [] [exception: stream_socket_client failed, errstr: Unable to find the socket transport "unix" - did you forget to enable it when you configured PHP?]
26.01.27 19:41:00 sendStatusDoc [warn] [sendEvent [8.16] [resp] [admin] [cancelTrial] [] [exception: stream_socket_client failed, errstr: Unable to find the socket transport "unix" - did you forget to enable it when you configured PHP?]]
26.01.27 19:42:10 sendEvent [8.16] [resp] [admin] [endTrials] [] [exception: stream_socket_client failed, errstr: Unable to find the socket transport "unix" - did you forget to enable it when you configured PHP?]
26.01.27 19:42:10 sendStatusDoc [warn] [sendEvent [8.16] [resp] [admin] [endTrials] [] [exception: stream_socket_client failed, errstr: Unable to find the socket transport "unix" - did you forget to enable it when you configured PHP?]]
26.01.27 19:42:11 sendEvent [8.16] [resp] [admin] [startMultiTrials] [adt,ppt,trial,0,1,1,1,4] [exception: stream_socket_client failed, errstr: Unable to find the socket transport "unix" - did you forget to enable it when you configured PHP?]
26.01.27 19:42:11 sendStatusDoc [warn] [sendEvent [8.16] [resp] [admin] [startMultiTrials] [adt,ppt,trial,0,1,1,1,4] [exception: stream_socket_client failed, errstr: Unable to find the socket transport "unix" - did you forget to enable it when you configured PHP?]]
26.01.27 19:42:25 sendEvent [8.16] [resp] [admin] [cancelTrial] [] [exception: stream_socket_client failed, errstr: Unable to find the socket transport "unix" - did you forget to enable it when you configured PHP?]
26.01.27 19:42:25 sendStatusDoc [warn] [sendEvent [8.16] [resp] [admin] [cancelTrial] [] [exception: stream_socket_client failed, errstr: Unable to find the socket transport "unix" - did you forget to enable it when you configured PHP?]]
26.01.27 19:42:25 sendEvent [8.16] [resp] [admin] [cancelTrial] [] [exception: stream_socket_client failed, errstr: Unable to find the socket transport "unix" - did you forget to enable it when you configured PHP?]
26.01.27 19:42:25 sendStatusDoc [warn] [sendEvent [8.16] [resp] [admin] [cancelTrial] [] [exception: stream_socket_client failed, errstr: Unable to find the socket transport "unix" - did you forget to enable it when you configured PHP?]]
26.01.27 19:42:26 sendEvent [8.16] [resp] [admin] [cancelTrial] [] [exception: stream_socket_client failed, errstr: Unable to find the socket transport "unix" - did you forget to enable it when you configured PHP?]
26.01.27 19:42:26 sendStatusDoc [warn] [sendEvent [8.16] [resp] [admin] [cancelTrial] [] [exception: stream_socket_client failed, errstr: Unable to find the socket transport "unix" - did you forget to enable it when you configured PHP?]]
26.01.27 19:45:02 sendEvent [8.16] [resp] [admin] [connect] [] [exception: stream_socket_client failed, errstr: Unable to find the socket transport "unix" - did you forget to enable it when you configured PHP?]
26.01.27 19:45:02 sendStatusDoc [warn] [sendEvent [8.16] [resp] [admin] [connect] [] [exception: stream_socket_client failed, errstr: Unable to find the socket transport "unix" - did you forget to enable it when you configured PHP?]]
26.01.27 19:45:02 sendEvent [8.16] [resp] [admin] [hideClock] [] [exception: stream_socket_client failed, errstr: Unable to find the socket transport "unix" - did you forget to enable it when you configured PHP?]
26.01.27 19:45:02 sendStatusDoc [warn] [sendEvent [8.16] [resp] [admin] [hideClock] [] [exception: stream_socket_client failed, errstr: Unable to find the socket transport "unix" - did you forget to enable it when you configured PHP?]]
26.01.27 19:45:02 sendEvent [8.16] [resp] [admin] [connect] [] [exception: stream_socket_client failed, errstr: Unable to find the socket transport "unix" - did you forget to enable it when you configured PHP?]
26.01.27 19:45:02 sendStatusDoc [warn] [sendEvent [8.16] [resp] [admin] [connect] [] [exception: stream_socket_client failed, errstr: Unable to find the socket transport "unix" - did you forget to enable it when you configured PHP?]]
26.01.27 19:45:02 sendEvent [8.16] [resp] [admin] [hideClock] [] [exception: stream_socket_client failed, errstr: Unable to find the socket transport "unix" - did you forget to enable it when you configured PHP?]
26.01.27 19:45:02 sendStatusDoc [warn] [sendEvent [8.16] [resp] [admin] [hideClock] [] [exception: stream_socket_client failed, errstr: Unable to find the socket transport "unix" - did you forget to enable it when you configured PHP?]]
26.01.27 19:45:02 sendEvent [8.16] [resp] [admin] [hideClock] [] [exception: stream_socket_client failed, errstr: Unable to find the socket transport "unix" - did you forget to enable it when you configured PHP?]
26.01.27 19:45:02 sendStatusDoc [warn] [sendEvent [8.16] [resp] [admin] [hideClock] [] [exception: stream_socket_client failed, errstr: Unable to find the socket transport "unix" - did you forget to enable it when you configured PHP?]]
26.01.27 19:45:03 sendEvent [8.16] [resp] [admin] [hideClock] [] [exception: stream_socket_client failed, errstr: Unable to find the socket transport "unix" - did you forget to enable it when you configured PHP?]
26.01.27 19:45:03 sendStatusDoc [warn] [sendEvent [8.16] [resp] [admin] [hideClock] [] [exception: stream_socket_client failed, errstr: Unable to find the socket transport "unix" - did you forget to enable it when you configured PHP?]]
26.01.27 19:45:17 sendEvent [8.16] [resp] [admin] [flipClock] [1,Santiago_Morales,2007,1,1] [exception: stream_socket_client failed, errstr: Unable to find the socket transport "unix" - did you forget to enable it when you configured PHP?]
26.01.27 19:45:17 sendStatusDoc [warn] [sendEvent [8.16] [resp] [admin] [flipClock] [1,Santiago_Morales,2007,1,1] [exception: stream_socket_client failed, errstr: Unable to find the socket transport "unix" - did you forget to enable it when you configured PHP?]]
26.01.27 19:45:51 sendEvent [8.16] [resp] [admin] [setReadyMessage] [msg_adtIntro1,msg_adtIntro2,dot,msg_adtReady,,adt] [exception: stream_socket_client failed, errstr: Unable to find the socket transport "unix" - did you forget to enable it when you configured PHP?]
26.01.27 19:45:51 sendStatusDoc [warn] [sendEvent [8.16] [resp] [admin] [setReadyMessage] [msg_adtIntro1,msg_adtIntro2,dot,msg_adtReady,,adt] [exception: stream_socket_client failed, errstr: Unable to find the socket transport "unix" - did you forget to enable it when you configured PHP?]]
26.01.27 19:45:51 sendEvent [8.16] [resp] [admin] [endTrials] [] [exception: stream_socket_client failed, errstr: Unable to find the socket transport "unix" - did you forget to enable it when you configured PHP?]
26.01.27 19:45:51 sendStatusDoc [warn] [sendEvent [8.16] [resp] [admin] [endTrials] [] [exception: stream_socket_client failed, errstr: Unable to find the socket transport "unix" - did you forget to enable it when you configured PHP?]]
26.01.27 19:45:51 sendEvent [8.16] [resp] [admin] [cancelTrial] [] [exception: stream_socket_client failed, errstr: Unable to find the socket transport "unix" - did you forget to enable it when you configured PHP?]
26.01.27 19:45:51 sendStatusDoc [warn] [sendEvent [8.16] [resp] [admin] [cancelTrial] [] [exception: stream_socket_client failed, errstr: Unable to find the socket transport "unix" - did you forget to enable it when you configured PHP?]]
26.01.27 20:01:02 sendEvent [8.16] [cntr] [admin] [goodbye] [] [exception: stream_socket_client failed, errstr: Unable to find the socket transport "unix" - did you forget to enable it when you configured PHP?]
26.01.27 20:01:02 sendStatusDoc [warn] [sendEvent [8.16] [cntr] [admin] [goodbye] [] [exception: stream_socket_client failed, errstr: Unable to find the socket transport "unix" - did you forget to enable it when you configured PHP?]]
26.01.27 20:01:05 sendEvent [8.16] [resp] [admin] [hideClock] [] [exception: stream_socket_client failed, errstr: Unable to find the socket transport "unix" - did you forget to enable it when you configured PHP?]
26.01.27 20:01:05 sendStatusDoc [warn] [sendEvent [8.16] [resp] [admin] [hideClock] [] [exception: stream_socket_client failed, errstr: Unable to find the socket transport "unix" - did you forget to enable it when you configured PHP?]]
26.01.27 21:31:55 sendEvent [8.16] [resp] [admin] [hideClock] [] [exception: stream_socket_client failed, errstr: Unable to find the socket transport "unix" - did you forget to enable it when you configured PHP?]
26.01.27 21:31:55 sendStatusDoc [warn] [sendEvent [8.16] [resp] [admin] [hideClock] [] [exception: stream_socket_client failed, errstr: Unable to find the socket transport "unix" - did you forget to enable it when you configured PHP?]]
26.01.27 21:34:11 sendEvent [8.16] [resp] [admin] [hideClock] [] [exception: stream_socket_client failed, errstr: Unable to find the socket transport "unix" - did you forget to enable it when you configured PHP?]
26.01.27 21:34:11 sendStatusDoc [warn] [sendEvent [8.16] [resp] [admin] [hideClock] [] [exception: stream_socket_client failed, errstr: Unable to find the socket transport "unix" - did you forget to enable it when you configured PHP?]]
26.01.27 21:34:51 sendEvent [8.16] [resp] [admin] [flipClock] [1,Santiago_Morales,2007,1,1] [exception: stream_socket_client failed, errstr: Unable to find the socket transport "unix" - did you forget to enable it when you configured PHP?]
26.01.27 21:34:51 sendStatusDoc [warn] [sendEvent [8.16] [resp] [admin] [flipClock] [1,Santiago_Morales,2007,1,1] [exception: stream_socket_client failed, errstr: Unable to find the socket transport "unix" - did you forget to enable it when you configured PHP?]]
26.01.27 21:38:32 sendEvent [8.16] [resp] [admin] [hideClock] [] [exception: stream_socket_client failed, errstr: Unable to find the socket transport "unix" - did you forget to enable it when you configured PHP?]
26.01.27 21:38:32 sendStatusDoc [warn] [sendEvent [8.16] [resp] [admin] [hideClock] [] [exception: stream_socket_client failed, errstr: Unable to find the socket transport "unix" - did you forget to enable it when you configured PHP?]]
26.01.27 21:38:49 sendEvent [8.16] [resp] [admin] [setReadyMessage] [msg_adtIntro1,msg_adtIntro2,dot,msg_adtReady,,adt] [exception: stream_socket_client failed, errstr: Unable to find the socket transport "unix" - did you forget to enable it when you configured PHP?]
26.01.27 21:38:49 sendStatusDoc [warn] [sendEvent [8.16] [resp] [admin] [setReadyMessage] [msg_adtIntro1,msg_adtIntro2,dot,msg_adtReady,,adt] [exception: stream_socket_client failed, errstr: Unable to find the socket transport "unix" - did you forget to enable it when you configured PHP?]]
26.01.27 21:38:50 sendEvent [8.16] [resp] [admin] [startMultiTrials] [adt,ppt,trial,0,1,1,1,4] [exception: stream_socket_client failed, errstr: Unable to find the socket transport "unix" - did you forget to enable it when you configured PHP?]
26.01.27 21:38:50 sendStatusDoc [warn] [sendEvent [8.16] [resp] [admin] [startMultiTrials] [adt,ppt,trial,0,1,1,1,4] [exception: stream_socket_client failed, errstr: Unable to find the socket transport "unix" - did you forget to enable it when you configured PHP?]]
26.01.27 21:38:53 sendEvent [8.16] [resp] [admin] [endTrials] [] [exception: stream_socket_client failed, errstr: Unable to find the socket transport "unix" - did you forget to enable it when you configured PHP?]
26.01.27 21:38:53 sendStatusDoc [warn] [sendEvent [8.16] [resp] [admin] [endTrials] [] [exception: stream_socket_client failed, errstr: Unable to find the socket transport "unix" - did you forget to enable it when you configured PHP?]]
26.01.27 21:40:32 sendEvent [8.16] [resp] [admin] [cancelTrial] [] [exception: stream_socket_client failed, errstr: Unable to find the socket transport "unix" - did you forget to enable it when you configured PHP?]
26.01.27 21:40:32 sendStatusDoc [warn] [sendEvent [8.16] [resp] [admin] [cancelTrial] [] [exception: stream_socket_client failed, errstr: Unable to find the socket transport "unix" - did you forget to enable it when you configured PHP?]]
26.01.27 21:40:32 sendEvent [8.16] [resp] [admin] [cancelTrial] [] [exception: stream_socket_client failed, errstr: Unable to find the socket transport "unix" - did you forget to enable it when you configured PHP?]
26.01.27 21:40:32 sendStatusDoc [warn] [sendEvent [8.16] [resp] [admin] [cancelTrial] [] [exception: stream_socket_client failed, errstr: Unable to find the socket transport "unix" - did you forget to enable it when you configured PHP?]]
26.01.27 21:40:32 sendEvent [8.16] [resp] [admin] [cancelTrial] [] [exception: stream_socket_client failed, errstr: Unable to find the socket transport "unix" - did you forget to enable it when you configured PHP?]
26.01.27 21:40:32 sendStatusDoc [warn] [sendEvent [8.16] [resp] [admin] [cancelTrial] [] [exception: stream_socket_client failed, errstr: Unable to find the socket transport "unix" - did you forget to enable it when you configured PHP?]]
26.01.27 21:40:32 sendEvent [8.16] [resp] [admin] [cancelTrial] [] [exception: stream_socket_client failed, errstr: Unable to find the socket transport "unix" - did you forget to enable it when you configured PHP?]
26.01.27 21:40:32 sendStatusDoc [warn] [sendEvent [8.16] [resp] [admin] [cancelTrial] [] [exception: stream_socket_client failed, errstr: Unable to find the socket transport "unix" - did you forget to enable it when you configured PHP?]]
26.01.27 21:42:41 sendEvent [8.16] [resp] [admin] [hideClock] [] [exception: stream_socket_client failed, errstr: Unable to find the socket transport "unix" - did you forget to enable it when you configured PHP?]
26.01.27 21:42:41 sendStatusDoc [warn] [sendEvent [8.16] [resp] [admin] [hideClock] [] [exception: stream_socket_client failed, errstr: Unable to find the socket transport "unix" - did you forget to enable it when you configured PHP?]]
26.01.27 21:46:00 sendEvent [8.16] [resp] [admin] [hideClock] [] [exception: stream_socket_client failed, errstr: Unable to find the socket transport "unix" - did you forget to enable it when you configured PHP?]
26.01.27 21:46:00 sendStatusDoc [warn] [sendEvent [8.16] [resp] [admin] [hideClock] [] [exception: stream_socket_client failed, errstr: Unable to find the socket transport "unix" - did you forget to enable it when you configured PHP?]]
26.01.27 21:48:37 sendEvent [8.16] [resp] [admin] [hideClock] [] [exception: stream_socket_client failed, errstr: Unable to find the socket transport "unix" - did you forget to enable it when you configured PHP?]
26.01.27 21:48:37 sendStatusDoc [warn] [sendEvent [8.16] [resp] [admin] [hideClock] [] [exception: stream_socket_client failed, errstr: Unable to find the socket transport "unix" - did you forget to enable it when you configured PHP?]]
26.01.27 21:51:36 sendEvent [8.16] [resp] [admin] [hideClock] [] [exception: stream_socket_client failed, errstr: Unable to find the socket transport "unix" - did you forget to enable it when you configured PHP?]
26.01.27 21:51:36 sendStatusDoc [warn] [sendEvent [8.16] [resp] [admin] [hideClock] [] [exception: stream_socket_client failed, errstr: Unable to find the socket transport "unix" - did you forget to enable it when you configured PHP?]]
